[INFO] Scanning for projects...
[INFO] 
[INFO] --------------------< com.csc301:song-microservice >--------------------
[INFO] Building song-microservice 0.0.1-SNAPSHOT
[INFO] --------------------------------[ jar ]---------------------------------
[INFO] 
[INFO] --- maven-resources-plugin:3.1.0:resources (default-resources) @ song-microservice ---
[INFO] Using 'UTF-8' encoding to copy filtered resources.
[INFO] Copying 1 resource
[INFO] Copying 0 resource
[INFO] 
[INFO] --- maven-compiler-plugin:3.8.1:compile (default-compile) @ song-microservice ---
[INFO] Changes detected - recompiling the module!
[INFO] Compiling 9 source files to /Users/choyiny/UTSC/CSCC01/repos/a3-davidhaoa3/starter_code/song-microservice/target/classes
[INFO] /Users/choyiny/UTSC/CSCC01/repos/a3-davidhaoa3/starter_code/song-microservice/src/main/java/com/csc301/songmicroservice/Utils.java: /Users/choyiny/UTSC/CSCC01/repos/a3-davidhaoa3/starter_code/song-microservice/src/main/java/com/csc301/songmicroservice/Utils.java uses or overrides a deprecated API.
[INFO] /Users/choyiny/UTSC/CSCC01/repos/a3-davidhaoa3/starter_code/song-microservice/src/main/java/com/csc301/songmicroservice/Utils.java: Recompile with -Xlint:deprecation for details.
[INFO] /Users/choyiny/UTSC/CSCC01/repos/a3-davidhaoa3/starter_code/song-microservice/src/main/java/com/csc301/songmicroservice/SongConverter.java: Some input files use unchecked or unsafe operations.
[INFO] /Users/choyiny/UTSC/CSCC01/repos/a3-davidhaoa3/starter_code/song-microservice/src/main/java/com/csc301/songmicroservice/SongConverter.java: Recompile with -Xlint:unchecked for details.
[INFO] -------------------------------------------------------------
[ERROR] COMPILATION ERROR : 
[INFO] -------------------------------------------------------------
[ERROR] /Users/choyiny/UTSC/CSCC01/repos/a3-davidhaoa3/starter_code/song-microservice/src/main/java/com/csc301/songmicroservice/SongConverter.java:[5,45] package com.sun.xml.internal.fastinfoset.util does not exist
[INFO] 1 error
[INFO] -------------------------------------------------------------
[INFO] ------------------------------------------------------------------------
[INFO] BUILD FAILURE
[INFO] ------------------------------------------------------------------------
[INFO] Total time:  3.080 s
[INFO] Finished at: 2019-12-11T19:10:33-05:00
[INFO] ------------------------------------------------------------------------
[ERROR] Failed to execute goal org.apache.maven.plugins:maven-compiler-plugin:3.8.1:compile (default-compile) on project song-microservice: Compilation failure
[ERROR] /Users/choyiny/UTSC/CSCC01/repos/a3-davidhaoa3/starter_code/song-microservice/src/main/java/com/csc301/songmicroservice/SongConverter.java:[5,45] package com.sun.xml.internal.fastinfoset.util does not exist
[ERROR] 
[ERROR] -> [Help 1]
[ERROR] 
[ERROR] To see the full stack trace of the errors, re-run Maven with the -e switch.
[ERROR] Re-run Maven using the -X switch to enable full debug logging.
[ERROR] 
[ERROR] For more information about the errors and possible solutions, please read the following articles:
[ERROR] [Help 1] http://cwiki.apache.org/confluence/display/MAVEN/MojoFailureException
